[debug] [2018-04-14T22:16:24.008Z] ----------------------------------------------------------------------
[debug] [2018-04-14T22:16:24.011Z] Command:       /usr/bin/node /usr/bin/firebase serve --only functions,hosting
[debug] [2018-04-14T22:16:24.011Z] CLI Version:   3.18.4
[debug] [2018-04-14T22:16:24.011Z] Platform:      linux
[debug] [2018-04-14T22:16:24.011Z] Node Version:  v8.11.1
[debug] [2018-04-14T22:16:24.011Z] Time:          Sat Apr 14 2018 17:16:24 GMT-0500 (CDT)
[debug] [2018-04-14T22:16:24.011Z] ----------------------------------------------------------------------
[debug] 
[debug] [2018-04-14T22:16:24.027Z] > command requires scopes: ["email","openid","https://www.googleapis.com/auth/cloudplatformprojects.readonly","https://www.googleapis.com/auth/firebase","https://www.googleapis.com/auth/cloud-platform"]
[debug] [2018-04-14T22:16:24.028Z] > authorizing via signed-in user
[debug] [2018-04-14T22:16:24.030Z] >>> HTTP REQUEST GET https://admin.firebase.com/v1/projects/hellogas-3db04  
  
 Sat Apr 14 2018 17:16:24 GMT-0500 (CDT)
[debug] [2018-04-14T22:16:24.774Z] <<< HTTP RESPONSE 200
[debug] [2018-04-14T22:16:24.774Z] >>> HTTP REQUEST GET https://admin.firebase.com/v1/database/hellogas-3db04/tokens  
  
 Sat Apr 14 2018 17:16:24 GMT-0500 (CDT)
[debug] [2018-04-14T22:16:25.454Z] <<< HTTP RESPONSE 200
[debug] [2018-04-14T22:16:25.455Z] >>> HTTP REQUEST GET https://cloudresourcemanager.googleapis.com/v1/projects/hellogas-3db04  
  
 Sat Apr 14 2018 17:16:25 GMT-0500 (CDT)
[debug] [2018-04-14T22:16:26.311Z] <<< HTTP RESPONSE 200
[info] 
[info] === Serving from '/home/cesar/AndroidStudioProjects/hg-backend'...
[info] 
[info] i  functions: Preparing to emulate functions.
[debug] [2018-04-14T22:16:27.279Z] Fetching environment
[debug] [2018-04-14T22:16:27.280Z] >>> HTTP REQUEST GET https://mobilesdk-pa.googleapis.com/v1/projects/379175673909:getServerAppConfig  
  
 Sat Apr 14 2018 17:16:27 GMT-0500 (CDT)
[debug] [2018-04-14T22:16:27.837Z] <<< HTTP RESPONSE 200
[debug] [2018-04-14T22:16:27.838Z] Starting @google-cloud/functions-emulator
[debug] [2018-04-14T22:16:30.051Z] Parsing function triggers
[info] ✔  functions: addgstation: http://localhost:5000/hellogas-3db04/us-central1/addgstation
[info] ✔  functions: getgstation: http://localhost:5000/hellogas-3db04/us-central1/getgstation
[info] ✔  functions: getgstations: http://localhost:5000/hellogas-3db04/us-central1/getgstations
[info] ✔  functions: adduser: http://localhost:5000/hellogas-3db04/us-central1/adduser
[info] ✔  functions: getfavoritos: http://localhost:5000/hellogas-3db04/us-central1/getfavoritos
[info] ✔  functions: setfavorito: http://localhost:5000/hellogas-3db04/us-central1/setfavorito
[info] ✔  functions: addcomment: http://localhost:5000/hellogas-3db04/us-central1/addcomment
[info] ✔  functions: delmcomment: http://localhost:5000/hellogas-3db04/us-central1/delmcomment
[info] ✔  functions: like: http://localhost:5000/hellogas-3db04/us-central1/like
[info] ✔  functions: dislike: http://localhost:5000/hellogas-3db04/us-central1/dislike
